<?xml version="1.0" encoding="UTF-8"?>
<!-- Generated by org.testng.reporters.JUnitReportReporter -->
<testsuite hostname="DESKTOP-C37T4VR" failures="0" tests="1" name="com.websystique.maven.maven.AppTest" time="0.007" errors="0" timestamp="25 Apr 2021 14:40:58 GMT" skipped="0">
  <testcase classname="com.websystique.maven.maven.AppTest" name="shouldAnswerWithTrue" time="0.007"/>
</testsuite> <!-- com.websystique.maven.maven.AppTest -->
